0 silly argv {
0 silly argv   _: [ 'create' ],
0 silly argv   lernaVersion: '3.22.1',
0 silly argv   '$0': '/usr/local/bin/lerna',
0 silly argv   name: 'Button'
0 silly argv }
1 notice cli v3.22.1
2 verbose rootPath /Users/frederic.montet/src/org/vast-outdoor/aegis
3 error Error: canceled
3 error     at Interface.<anonymous> (/usr/local/lib/node_modules/lerna/node_modules/read/lib/read.js:66:13)
3 error     at Interface.emit (node:events:365:28)
3 error     at Interface._ttyWrite (node:readline:998:16)
3 error     at ReadStream.onkeypress (node:readline:262:10)
3 error     at ReadStream.emit (node:events:365:28)
3 error     at emitKeys (node:internal/readline/utils:358:14)
3 error     at emitKeys.next (<anonymous>)
3 error     at ReadStream.onData (node:internal/readline/emitKeypressEvents:61:36)
3 error     at ReadStream.emit (node:events:365:28)
3 error     at addChunk (node:internal/streams/readable:314:12)
3 error     at readableAddChunk (node:internal/streams/readable:289:9)
3 error     at ReadStream.Readable.push (node:internal/streams/readable:228:10)
